Active-HDL 13.0.376.8320 2024-01-21 17:28:07

Elaboration top modules:
Architecture                  behavior(sha256_tb)


--------------------------------------------------------------------------------------------
Entity    | Architecture | Library | Info | Compiler Version          | Compilation Options
--------------------------------------------------------------------------------------------
sha256_tb | behavior     | sha256  |      | 13.0.376.8320 (Windows64) | -O3
sha256    | sha256_ARCH  | sha256  |      | 13.0.376.8320 (Windows64) | -O3
--------------------------------------------------------------------------------------------

--------------------------------------------------------------------------------------------
VHDL Package             | Library | Info | Compiler Version          | Compilation Options
--------------------------------------------------------------------------------------------
standard                 | std     |      |                           | <unavailable>
TEXTIO                   | std     |      | 13.0.376.8320 (Windows64) |  -2019
std_logic_1164           | ieee    |      | 13.0.376.8320 (Windows64) |  -2008
NUMERIC_STD              | ieee    |      | 13.0.376.8320 (Windows64) |  -2008
sha256_pkg               | sha256  |      | 13.0.376.8320 (Windows64) | -O3
--------------------------------------------------------------------------------------------

--------------------------------------------------------------------------------------------
Library                  | Comment
--------------------------------------------------------------------------------------------
ieee                     | Standard IEEE packages library
sha256                   | None
std                      | Standard VHDL library
--------------------------------------------------------------------------------------------
