Active-HDL 13.0.376.8320 2024-02-27 20:33:24

Elaboration top modules:
Architecture                  Behavioral(SimpleALU_tb)


--------------------------------------------------------------------------------------------------
Entity       | Architecture | Library    | Info | Compiler Version          | Compilation Options
--------------------------------------------------------------------------------------------------
SimpleALU_tb | Behavioral   | processeur |      | 13.0.376.8320 (Windows64) | -O3 -2008
SimpleALU    | Behavioral   | processeur |      | 13.0.376.8320 (Windows64) | -O3 -2008
--------------------------------------------------------------------------------------------------

--------------------------------------------------------------------------------------------------
VHDL Package                | Library    | Info | Compiler Version          | Compilation Options
--------------------------------------------------------------------------------------------------
standard                    | std        |      |                           | <unavailable>
TEXTIO                      | std        |      | 13.0.376.8320 (Windows64) |  -2019
std_logic_1164              | ieee       |      | 13.0.376.8320 (Windows64) |  -2008
NUMERIC_STD                 | ieee       |      | 13.0.376.8320 (Windows64) |  -2008
--------------------------------------------------------------------------------------------------

--------------------------------------------------------------------------------------------------
Library                     | Comment
--------------------------------------------------------------------------------------------------
ieee                        | Standard IEEE packages library
processeur                  | None
std                         | Standard VHDL library
--------------------------------------------------------------------------------------------------


Simulation Options: asim -O5 +access +r +m+SimpleALU_tb SimpleALU_tb Behavioral


The performance of simulation is reduced. Version Student Edition
